<?xml version="1.0" encoding="UTF-8"?><testsuite errors="0" failures="0" name="com.herokuapp.booker.bookinginfo.TagTest" skipped="0" tests="3" time="8.03" timestamp="2023-01-09T23:58:15.412Z[Europe/London]"><testcase classname="com.herokuapp.booker.bookinginfo.TagTest" name="Correct HTTP method is used to access resources"/><testcase classname="com.herokuapp.booker.bookinginfo.TagTest" name="Incorrect HTTP method used to access resources and validate response 405"/><testcase classname="com.herokuapp.booker.bookinginfo.TagTest" name="This test will provide an error code of 400 when user tries to access an invalid resource"/></testsuite>